<?xml version="1.0" encoding="UTF-8"?>
<!-- Generated by org.testng.reporters.JUnitReportReporter -->
<testsuite hostname="DESKTOP-IKFO2HI" failures="0" tests="3" name="SampleProject.MavenTest" time="0.048" errors="0" timestamp="2022-07-20T22:58:06 IST" skipped="0">
  <testcase classname="SampleProject.MavenTest" name="maven4Test" time="0.029"/>
  <system-out/>
  <testcase classname="SampleProject.MavenTest" name="maven5Test" time="0.006"/>
  <system-out/>
  <testcase classname="SampleProject.MavenTest" name="maven6Test" time="0.013"/>
  <system-out/>
</testsuite> <!-- SampleProject.MavenTest -->
