<?xml version="1.0" encoding="UTF-8"?>
<!-- Generated by org.testng.reporters.JUnitReportReporter -->
<testsuite hostname="DESKTOP-IKFO2HI" failures="0" tests="3" name="SampleProject.CreateSignupTest" time="0.027" errors="0" timestamp="2022-07-20T22:58:06 IST" skipped="0">
  <testcase classname="SampleProject.CreateSignupTest" name="test2" time="0.006"/>
  <system-out/>
  <testcase classname="SampleProject.CreateSignupTest" name="test3" time="0.011"/>
  <system-out/>
  <testcase classname="SampleProject.CreateSignupTest" name="test1" time="0.010"/>
  <system-out/>
</testsuite> <!-- SampleProject.CreateSignupTest -->
